[35m[Appium][39m Welcome to Appium v1.22.3
[35m[Appium][39m Non-default server args:
[35m[Appium][39m   port: 54330
[35m[Appium][39m   tmpDir: /var/folders/3b/z_3bn4n12j59v3g7l9pm1x8r0000gn/T//Katalon/Appium/Temp1674061465508
[35m[Appium][39m   chromedriverPort: 54331
[35m[Appium][39m Deprecated server args:
[35m[Appium][39m   [31m--chromedriver-port[39m => --default-capabilities
[35m[Appium][39m Default capabilities, which will be added to each request unless overridden by desired capabilities:
[35m[Appium][39m   chromedriverPort: 54331
[35m[Appium][39m Appium REST http interface listener started on 0.0.0.0:54330
[35m[HTTP][39m [37m-->[39m [37mGET[39m [37m/wd/hub/status[39m
[35m[HTTP][39m [90m{}[39m
[debug] [35m[GENERIC][39m Calling AppiumDriver.getStatus() with args: []
[debug] [35m[GENERIC][39m Responding to client with driver.getStatus() result: {"build":{"version":"1.22.3"}}
[35m[HTTP][39m [37m<-- GET /wd/hub/status [39m[32m200[39m [90m2 ms - 68[39m
[35m[HTTP][39m [90m[39m
[35m[HTTP][39m [37m-->[39m [37mGET[39m [37m/wd/hub/status[39m
[35m[HTTP][39m [90m{}[39m
[debug] [35m[GENERIC][39m Calling AppiumDriver.getStatus() with args: []
[debug] [35m[GENERIC][39m Responding to client with driver.getStatus() result: {"build":{"version":"1.22.3"}}
[35m[HTTP][39m [37m<-- GET /wd/hub/status [39m[32m200[39m [90m0 ms - 68[39m
[35m[HTTP][39m [90m[39m
[35m[HTTP][39m [37m-->[39m [37mPOST[39m [37m/wd/hub/session[39m
[35m[HTTP][39m [90m{"desiredCapabilities":{"app":"/Users/dominiquemereaux/Katalon Studio/toto/androidapp/APIDemos.apk","noReset":true,"deviceName":"emulator-5554 (Android SDK built for arm64 - Android 10)","fullReset":false,"platform":"ANDROID","newCommandTimeout":1800,"platformVersion":"10","automationName":"uiautomator2","autoGrantPermissions":true,"platformName":"Android","udid":"emulator-5554","systemPort":54339},"capabilities":{"firstMatch":[{"appium:app":"/Users/dominiquemereaux/Katalon Studio/toto/androidapp/APIDemos.apk","appium:autoGrantPermissions":true,"appium:automationName":"uiautomator2","appium:deviceName":"emulator-5554 (Android SDK built for arm64 - Android 10)","appium:fullReset":false,"appium:newCommandTimeout":1800,"appium:noReset":true,"platform":"ANDROID","platformName":"android","appium:platformVersion":"10","appium:systemPort":54339,"appium:udid":"emulator-5554"}]}}[39m
[debug] [35m[W3C][39m Calling AppiumDriver.createSession() with args: [{"app":"/Users/dominiquemereaux/Katalon Studio/toto/androidapp/APIDemos.apk","noReset":true,"deviceName":"emulator-5554 (Android SDK built for arm64 - Android 10)","fullReset":false,"platform":"ANDROID","newCommandTimeout":1800,"platformVersion":"10","automationName":"uiautomator2","autoGrantPermissions":true,"platformName":"Android","udid":"emulator-5554","systemPort":54339},null,{"firstMatch":[{"appium:app":"/Users/dominiquemereaux/Katalon Studio/toto/androidapp/APIDemos.apk","appium:autoGrantPermissions":true,"appium:automationName":"uiautomator2","appium:deviceName":"emulator-5554 (Android SDK built for arm64 - Android 10)","appium:fullReset":false,"appium:newCommandTimeout":1800,"appium:noReset":true,"platform":"ANDROID","platformName":"android","appium:platformVersion":"10","appium:systemPort":54339,"appium:udid":"emulator-5554"}]}]
[debug] [35m[BaseDriver][39m Event 'newSessionRequested' logged at 1674061466539 (18:04:26 GMT+0100 (Central European Standard Time))
[35m[BaseDriver][39m The following capabilities are not standard capabilities and should have an extension prefix:
[35m[BaseDriver][39m   platform
[35m[BaseDriver][39m   chromedriverPort
[35m[Appium][39m Appium v1.22.3 creating new AndroidUiautomator2Driver (v1.70.1) session
[debug] [35m[BaseDriver][39m W3C capabilities and MJSONWP desired capabilities were provided
[debug] [35m[BaseDriver][39m Creating session with W3C capabilities: {
[debug] [35m[BaseDriver][39m   "alwaysMatch": {
[debug] [35m[BaseDriver][39m     "appium:platform": "ANDROID",
[debug] [35m[BaseDriver][39m     "platformName": "android",
[debug] [35m[BaseDriver][39m     "appium:chromedriverPort": 54331,
[debug] [35m[BaseDriver][39m     "appium:app": "/Users/dominiquemereaux/Katalon Studio/toto/androidapp/APIDemos.apk",
[debug] [35m[BaseDriver][39m     "appium:autoGrantPermissions": true,
[debug] [35m[BaseDriver][39m     "appium:automationName": "uiautomator2",
[debug] [35m[BaseDriver][39m     "appium:deviceName": "emulator-5554 (Android SDK built for arm64 - Android 10)",
[debug] [35m[BaseDriver][39m     "appium:fullReset": false,
[debug] [35m[BaseDriver][39m     "appium:newCommandTimeout": 1800,
[debug] [35m[BaseDriver][39m     "appium:noReset": true,
[debug] [35m[BaseDriver][39m     "appium:platformVersion": "10",
[debug] [35m[BaseDriver][39m     "appium:systemPort": 54339,
[debug] [35m[BaseDriver][39m     "appium:udid": "emulator-5554"
[debug] [35m[BaseDriver][39m   },
[debug] [35m[BaseDriver][39m   "firstMatch": [
[debug] [35m[BaseDriver][39m     {}
[debug] [35m[BaseDriver][39m   ]
[debug] [35m[BaseDriver][39m }
[35m[BaseDriver][39m The following capabilities were provided, but are not recognized by Appium:
[35m[BaseDriver][39m   platform
[35m[BaseDriver][39m Session created with session id: b70e9bcb-9d98-4fb8-852d-eccd90fb3f2c
[35m[BaseDriver][39m Using local app '/Users/dominiquemereaux/Katalon Studio/toto/androidapp/APIDemos.apk'
[debug] [35m[UiAutomator2][39m Checking whether app is actually present
[35m[ADB][39m Found 1 'build-tools' folders under '/Users/dominiquemereaux/.katalon/tools/android_sdk' (newest first):
[35m[ADB][39m     /Users/dominiquemereaux/.katalon/tools/android_sdk/build-tools/29.0.3
[35m[ADB][39m Using 'adb' from '/Users/dominiquemereaux/.katalon/tools/android_sdk/platform-tools/adb'
[debug] [35m[ADB][39m Running '/Users/dominiquemereaux/.katalon/tools/android_sdk/platform-tools/adb -P 5037 start-server'
[35m[AndroidDriver][39m Retrieving device list
[debug] [35m[ADB][39m Trying to find a connected android device
[debug] [35m[ADB][39m Getting connected devices
[debug] [35m[ADB][39m Connected devices: [{"udid":"emulator-5554","state":"device"}]
[35m[AndroidDriver][39m Using device: emulator-5554
[35m[ADB][39m Using 'adb' from '/Users/dominiquemereaux/.katalon/tools/android_sdk/platform-tools/adb'
[debug] [35m[ADB][39m Running '/Users/dominiquemereaux/.katalon/tools/android_sdk/platform-tools/adb -P 5037 start-server'
[debug] [35m[ADB][39m Setting device id to emulator-5554
[debug] [35m[ADB][39m Running '/Users/dominiquemereaux/.katalon/tools/android_sdk/platform-tools/adb -P 5037 -s emulator-5554 shell getprop ro.build.version.sdk'
[debug] [35m[ADB][39m Current device property 'ro.build.version.sdk': 29
[35m[ADB][39m Getting device platform version
[debug] [35m[ADB][39m Running '/Users/dominiquemereaux/.katalon/tools/android_sdk/platform-tools/adb -P 5037 -s emulator-5554 shell getprop ro.build.version.release'
[debug] [35m[ADB][39m Current device property 'ro.build.version.release': 10
[debug] [35m[ADB][39m Device API level: 29
[35m[UiAutomator2][39m Relaxing hidden api policy
[debug] [35m[ADB][39m Running '/Users/dominiquemereaux/.katalon/tools/android_sdk/platform-tools/adb -P 5037 -s emulator-5554 shell 'settings put global hidden_api_policy_pre_p_apps 1;settings put global hidden_api_policy_p_apps 1;settings put global hidden_api_policy 1''
[debug] [35m[AndroidDriver][39m Parsing package and activity from app manifest
[35m[ADB][39m Package name: 'com.hmh.api'
[35m[ADB][39m Main activity name: 'com.hmh.api.ApiDemos'
[debug] [35m[AndroidDriver][39m Parsed package and activity are: com.hmh.api/com.hmh.api.ApiDemos
[debug] [35m[ADB][39m Running '/Users/dominiquemereaux/.katalon/tools/android_sdk/platform-tools/adb -P 5037 -s emulator-5554 wait-for-device'
[debug] [35m[ADB][39m Running '/Users/dominiquemereaux/.katalon/tools/android_sdk/platform-tools/adb -P 5037 -s emulator-5554 shell echo ping'
[debug] [35m[AndroidDriver][39m Pushing settings apk to device...
[debug] [35m[ADB][39m Getting install status for io.appium.settings
[debug] [35m[ADB][39m Running '/Users/dominiquemereaux/.katalon/tools/android_sdk/platform-tools/adb -P 5037 -s emulator-5554 shell dumpsys package io.appium.settings'
[debug] [35m[ADB][39m 'io.appium.settings' is installed
[debug] [35m[ADB][39m Getting package info for 'io.appium.settings'
[debug] [35m[ADB][39m Running '/Users/dominiquemereaux/.katalon/tools/android_sdk/platform-tools/adb -P 5037 -s emulator-5554 shell dumpsys package io.appium.settings'
[debug] [35m[ADB][39m The version name of the installed 'io.appium.settings' is greater or equal to the application version name ('3.4.0' >= '3.4.0')
[debug] [35m[ADB][39m There is no need to install/upgrade '/opt/homebrew/lib/node_modules/appium/node_modules/io.appium.settings/apks/settings_apk-debug.apk'
[debug] [35m[ADB][39m Getting IDs of all 'io.appium.settings' processes
[debug] [35m[ADB][39m Running '/Users/dominiquemereaux/.katalon/tools/android_sdk/platform-tools/adb -P 5037 -s emulator-5554 shell 'pgrep --help; echo $?''
[debug] [35m[ADB][39m Running '/Users/dominiquemereaux/.katalon/tools/android_sdk/platform-tools/adb -P 5037 -s emulator-5554 shell pgrep -f \(\[\[:blank:\]\]\|\^\)io\.appium\.settings\(\[\[:blank:\]\]\|\$\)'
[debug] [35m[AndroidDriver][39m io.appium.settings is already running. There is no need to reset its permissions.
[debug] [35m[Logcat][39m Starting logs capture with command: /Users/dominiquemereaux/.katalon/tools/android_sdk/platform-tools/adb -P 5037 -s emulator-5554 logcat -v threadtime
[debug] [35m[UiAutomator2][39m Forwarding UiAutomator2 Server port 6790 to local port 54339
[debug] [35m[ADB][39m Forwarding system: 54339 to device: 6790
[debug] [35m[ADB][39m Running '/Users/dominiquemereaux/.katalon/tools/android_sdk/platform-tools/adb -P 5037 -s emulator-5554 forward tcp:54339 tcp:6790'
[debug] [35m[ADB][39m Getting install status for io.appium.uiautomator2.server
[debug] [35m[ADB][39m Running '/Users/dominiquemereaux/.katalon/tools/android_sdk/platform-tools/adb -P 5037 -s emulator-5554 shell dumpsys package io.appium.uiautomator2.server'
[debug] [35m[ADB][39m 'io.appium.uiautomator2.server' is installed
[debug] [35m[ADB][39m Getting package info for 'io.appium.uiautomator2.server'
[debug] [35m[ADB][39m Running '/Users/dominiquemereaux/.katalon/tools/android_sdk/platform-tools/adb -P 5037 -s emulator-5554 shell dumpsys package io.appium.uiautomator2.server'
[debug] [35m[ADB][39m The version name of the installed 'io.appium.uiautomator2.server' is greater or equal to the application version name ('4.27.0' >= '4.27.0')
[debug] [35m[UiAutomator2][39m io.appium.uiautomator2.server installation state: sameVersionInstalled
[debug] [35m[ADB][39m Checking app cert for /opt/homebrew/lib/node_modules/appium/node_modules/appium-uiautomator2-server/apks/appium-uiautomator2-server-v4.27.0.apk
[35m[ADB][39m Using 'apksigner.jar' from '/Users/dominiquemereaux/.katalon/tools/android_sdk/build-tools/29.0.3/lib/apksigner.jar'
[debug] [35m[ADB][39m Starting apksigner: '/Applications/Katalon Studio PE.app/Contents/Eclipse/jre/Contents/Home/bin/java' -Xmx1024M -Xss1m -jar /Users/dominiquemereaux/.katalon/tools/android_sdk/build-tools/29.0.3/lib/apksigner.jar verify --print-certs /opt/homebrew/lib/node_modules/appium/node_modules/appium-uiautomator2-server/apks/appium-uiautomator2-server-v4.27.0.apk
[debug] [35m[ADB][39m apksigner stdout: Signer #1 certificate DN: EMAILADDRESS=android@android.com, CN=Android, OU=Android, O=Android, L=Mountain View, ST=California, C=US
[debug] [35m[ADB][39m Signer #1 certificate SHA-256 digest: a40da80a59d170caa950cf15c18c454d47a39b26989d8b640ecd745ba71bf5dc
[debug] [35m[ADB][39m Signer #1 certificate SHA-1 digest: 61ed377e85d386a8dfee6b864bd85b0bfaa5af81
[debug] [35m[ADB][39m Signer #1 certificate MD5 digest: e89b158e4bcf988ebd09eb83f5378e87
[debug] [35m[ADB][39m 
[debug] [35m[ADB][39m sha256 hash did match for 'appium-uiautomator2-server-v4.27.0.apk'
[35m[ADB][39m '/opt/homebrew/lib/node_modules/appium/node_modules/appium-uiautomator2-server/apks/appium-uiautomator2-server-v4.27.0.apk' is signed with the default certificate
[debug] [35m[ADB][39m Getting install status for io.appium.uiautomator2.server.test
[debug] [35m[ADB][39m Running '/Users/dominiquemereaux/.katalon/tools/android_sdk/platform-tools/adb -P 5037 -s emulator-5554 shell dumpsys package io.appium.uiautomator2.server.test'
[debug] [35m[ADB][39m 'io.appium.uiautomator2.server.test' is installed
[debug] [35m[ADB][39m Checking app cert for /opt/homebrew/lib/node_modules/appium/node_modules/appium-uiautomator2-server/apks/appium-uiautomator2-server-debug-androidTest.apk
[debug] [35m[ADB][39m Starting apksigner: '/Applications/Katalon Studio PE.app/Contents/Eclipse/jre/Contents/Home/bin/java' -Xmx1024M -Xss1m -jar /Users/dominiquemereaux/.katalon/tools/android_sdk/build-tools/29.0.3/lib/apksigner.jar verify --print-certs /opt/homebrew/lib/node_modules/appium/node_modules/appium-uiautomator2-server/apks/appium-uiautomator2-server-debug-androidTest.apk
[debug] [35m[ADB][39m apksigner stdout: Signer #1 certificate DN: EMAILADDRESS=android@android.com, CN=Android, OU=Android, O=Android, L=Mountain View, ST=California, C=US
[debug] [35m[ADB][39m Signer #1 certificate SHA-256 digest: a40da80a59d170caa950cf15c18c454d47a39b26989d8b640ecd745ba71bf5dc
[debug] [35m[ADB][39m Signer #1 certificate SHA-1 digest: 61ed377e85d386a8dfee6b864bd85b0bfaa5af81
[debug] [35m[ADB][39m Signer #1 certificate MD5 digest: e89b158e4bcf988ebd09eb83f5378e87
[debug] [35m[ADB][39m 
[debug] [35m[ADB][39m sha256 hash did match for 'appium-uiautomator2-server-debug-androidTest.apk'
[35m[ADB][39m '/opt/homebrew/lib/node_modules/appium/node_modules/appium-uiautomator2-server/apks/appium-uiautomator2-server-debug-androidTest.apk' is signed with the default certificate
[35m[UiAutomator2][39m Server packages are not going to be (re)installed
[debug] [35m[UiAutomator2][39m Waiting up to 30000ms for services to be available
[debug] [35m[ADB][39m Running '/Users/dominiquemereaux/.katalon/tools/android_sdk/platform-tools/adb -P 5037 -s emulator-5554 shell pm list instrumentation'
[debug] [35m[UiAutomator2][39m Instrumentation target 'io.appium.uiautomator2.server.test/androidx.test.runner.AndroidJUnitRunner' is available
[35m[ADB][39m Adding packages ["io.appium.settings","io.appium.uiautomator2.server","io.appium.uiautomator2.server.test"] to Doze whitelist
[debug] [35m[ADB][39m Got the following command chunks to execute: [["dumpsys","deviceidle","whitelist","+io.appium.settings",";","dumpsys","deviceidle","whitelist","+io.appium.uiautomator2.server",";","dumpsys","deviceidle","whitelist","+io.appium.uiautomator2.server.test",";"]]
[debug] [35m[ADB][39m Running '/Users/dominiquemereaux/.katalon/tools/android_sdk/platform-tools/adb -P 5037 -s emulator-5554 shell dumpsys deviceidle whitelist +io.appium.settings ; dumpsys deviceidle whitelist +io.appium.uiautomator2.server ; dumpsys deviceidle whitelist +io.appium.uiautomator2.server.test ;'
[debug] [35m[ADB][39m Checking app cert for /Users/dominiquemereaux/Katalon Studio/toto/androidapp/APIDemos.apk
[debug] [35m[ADB][39m Starting apksigner: '/Applications/Katalon Studio PE.app/Contents/Eclipse/jre/Contents/Home/bin/java' -Xmx1024M -Xss1m -jar /Users/dominiquemereaux/.katalon/tools/android_sdk/build-tools/29.0.3/lib/apksigner.jar verify --print-certs '/Users/dominiquemereaux/Katalon Studio/toto/androidapp/APIDemos.apk'
[debug] [35m[ADB][39m apksigner stdout: Signer #1 certificate DN: EMAILADDRESS=android@android.com, CN=Android, OU=Android, O=Android, L=Mountain View, ST=California, C=US
[debug] [35m[ADB][39m Signer #1 certificate SHA-256 digest: a40da80a59d170caa950cf15c18c454d47a39b26989d8b640ecd745ba71bf5dc
[debug] [35m[ADB][39m Signer #1 certificate SHA-1 digest: 61ed377e85d386a8dfee6b864bd85b0bfaa5af81
[debug] [35m[ADB][39m Signer #1 certificate MD5 digest: e89b158e4bcf988ebd09eb83f5378e87
[debug] [35m[ADB][39m 
[debug] [35m[ADB][39m sha256 hash did match for 'APIDemos.apk'
[35m[ADB][39m '/Users/dominiquemereaux/Katalon Studio/toto/androidapp/APIDemos.apk' is signed with the default certificate
[debug] [35m[ADB][39m Getting install status for com.hmh.api
[debug] [35m[ADB][39m Running '/Users/dominiquemereaux/.katalon/tools/android_sdk/platform-tools/adb -P 5037 -s emulator-5554 shell dumpsys package com.hmh.api'
[debug] [35m[ADB][39m 'com.hmh.api' is not installed
[debug] [35m[ADB][39m App '/Users/dominiquemereaux/Katalon Studio/toto/androidapp/APIDemos.apk' is not installed
[debug] [35m[ADB][39m Installing '/Users/dominiquemereaux/Katalon Studio/toto/androidapp/APIDemos.apk'
[debug] [35m[ADB][39m Running '/Users/dominiquemereaux/.katalon/tools/android_sdk/platform-tools/adb -P 5037 -s emulator-5554 help'
[debug] [35m[ADB][39m Running '/Users/dominiquemereaux/.katalon/tools/android_sdk/platform-tools/adb -P 5037 -s emulator-5554 features'
[35m[ADB][39m The application at '/Users/dominiquemereaux/Katalon Studio/toto/androidapp/APIDemos.apk' will not be cached, because the device under test has confirmed the support of streamed installs
[debug] [35m[ADB][39m Running '/Users/dominiquemereaux/.katalon/tools/android_sdk/platform-tools/adb -P 5037 -s emulator-5554 install -g '/Users/dominiquemereaux/Katalon Studio/toto/androidapp/APIDemos.apk''
[35m[ADB][39m The installation of 'APIDemos.apk' took 202ms
[debug] [35m[ADB][39m Install command stdout: Performing Streamed Install
[debug] [35m[ADB][39m Success
[debug] [35m[UiAutomator2][39m Performing shallow cleanup of automation leftovers
[debug] [35m[UiAutomator2][39m The following obsolete sessions are still running: ["cc48f63e-6630-4abc-b819-6ee574a642d6"]
[debug] [35m[UiAutomator2][39m Cleaning up 1 obsolete session
[debug] [35m[ADB][39m Running '/Users/dominiquemereaux/.katalon/tools/android_sdk/platform-tools/adb -P 5037 -s emulator-5554 shell am force-stop io.appium.uiautomator2.server.test'
[35m[UiAutomator2][39m Starting UIAutomator2 server 4.27.0
[35m[UiAutomator2][39m Using UIAutomator2 server from '/opt/homebrew/lib/node_modules/appium/node_modules/appium-uiautomator2-server/apks/appium-uiautomator2-server-v4.27.0.apk' and test from '/opt/homebrew/lib/node_modules/appium/node_modules/appium-uiautomator2-server/apks/appium-uiautomator2-server-debug-androidTest.apk'
[35m[UiAutomator2][39m Waiting up to 30000ms for UiAutomator2 to be online...
[debug] [35m[ADB][39m Creating ADB subprocess with args: ["-P",5037,"-s","emulator-5554","shell","am","instrument","-w","-e","disableAnalytics",true,"io.appium.uiautomator2.server.test/androidx.test.runner.AndroidJUnitRunner"]
[debug] [35m[WD Proxy][39m Matched '/status' to command name 'getStatus'
[debug] [35m[WD Proxy][39m Proxying [GET /status] to [GET http://127.0.0.1:54339/wd/hub/status] with no body
[35m[WD Proxy][39m socket hang up
[debug] [35m[Instrumentation][39m io.appium.uiautomator2.server.test.AppiumUiAutomator2Server:
[debug] [35m[WD Proxy][39m Matched '/status' to command name 'getStatus'
[debug] [35m[WD Proxy][39m Proxying [GET /status] to [GET http://127.0.0.1:54339/wd/hub/status] with no body
[35m[WD Proxy][39m socket hang up
[debug] [35m[WD Proxy][39m Matched '/status' to command name 'getStatus'
[debug] [35m[WD Proxy][39m Proxying [GET /status] to [GET http://127.0.0.1:54339/wd/hub/status] with no body
[debug] [35m[WD Proxy][39m Got response with status 200: {"sessionId":"None","value":{"message":"UiAutomator2 Server is ready to accept commands","ready":true}}
[debug] [35m[UiAutomator2][39m The initialization of the instrumentation process took 2056ms
[debug] [35m[WD Proxy][39m Matched '/session' to command name 'createSession'
[debug] [35m[WD Proxy][39m Proxying [POST /session] to [POST http://127.0.0.1:54339/wd/hub/session] with body: {"capabilities":{"firstMatch":[{"platform":"ANDROID","webStorageEnabled":false,"takesScreenshot":true,"javascriptEnabled":true,"databaseEnabled":false,"networkConnectionEnabled":true,"locationContextEnabled":false,"warnings":{},"desired":{"platformName":"android","platform":"ANDROID","chromedriverPort":54331,"app":"/Users/dominiquemereaux/Katalon Studio/toto/androidapp/APIDemos.apk","autoGrantPermissions":true,"automationName":"uiautomator2","deviceName":"emulator-5554 (Android SDK built for arm64 - Android 10)","fullReset":false,"newCommandTimeout":1800,"noReset":true,"platformVersion":"10","systemPort":54339,"udid":"emulator-5554"},"platformName":"android","chromedriverPort":54331,"app":"/Users/dominiquemereaux/Katalon Studio/toto/androidapp/APIDemos.apk","autoGrantPermissions":true,"automationName":"uiautomator2","deviceName":"emulator-5554","fullReset":false,"newCommandTimeout":1800,"noReset":true,"platformVersion":"10","systemPort":54339,"udid":"emulator-5554","deviceUDID":"emulator-5554","appPackage"...
[debug] [35m[WD Proxy][39m Got response with status 200: {"sessionId":"837ee005-48eb-427c-8eb5-fd67653ef80f","value":{"capabilities":{"firstMatch":[{"platform":"ANDROID","webStorageEnabled":false,"takesScreenshot":true,"javascriptEnabled":true,"databaseEnabled":false,"networkConnectionEnabled":true,"locationContextEnabled":false,"warnings":{},"desired":{"platformName":"android","platform":"ANDROID","chromedriverPort":54331,"app":"/Users/dominiquemereaux/Katalon Studio/toto/androidapp/APIDemos.apk","autoGrantPermissions":true,"automationName":"uiautomator2","deviceName":"emulator-5554 (Android SDK built for arm64 - Android 10)","fullReset":false,"newCommandTimeout":1800,"noReset":true,"platformVersion":"10","systemPort":54339,"udid":"emulator-5554"},"platformName":"android","chromedriverPort":54331,"app":"/Users/dominiquemereaux/Katalon Studio/toto/androidapp/APIDemos.apk","autoGrantPermissions":true,"automationName":"uiautomator2","deviceName":"emulator-5554","fullReset":false,"newCommandTimeout":1800,"noReset":true,"platformVersion":"10","systemPort":54339,"udi...
[35m[WD Proxy][39m Determined the downstream protocol as 'W3C'
[debug] [35m[WD Proxy][39m Proxying [GET /appium/device/info] to [GET http://127.0.0.1:54339/wd/hub/session/837ee005-48eb-427c-8eb5-fd67653ef80f/appium/device/info] with no body
[debug] [35m[WD Proxy][39m Got response with status 200: {"sessionId":"837ee005-48eb-427c-8eb5-fd67653ef80f","value":{"androidId":"c90f501c0f5b81e6","apiVersion":"29","bluetooth":null,"brand":"google","carrierName":"Android","displayDensity":440,"locale":"en_US","manufacturer":"Google","model":"Android SDK built for arm64","networks":[{"capabilities":{"SSID":null,"linkDownBandwidthKbps":1048576,"linkUpstreamBandwidthKbps":1048576,"networkCapabilities":"NET_CAPABILITY_NOT_METERED,NET_CAPABILITY_INTERNET,NET_CAPABILITY_NOT_RESTRICTED,NET_CAPABILITY_TRUSTED,NET_CAPABILITY_NOT_VPN,NET_CAPABILITY_VALIDATED,NET_CAPABILITY_NOT_ROAMING,NET_CAPABILITY_FOREGROUND,NET_CAPABILITY_NOT_CONGESTED,NET_CAPABILITY_NOT_SUSPENDED","signalStrength":-30,"transportTypes":"TRANSPORT_WIFI"},"detailedState":"CONNECTED","extraInfo":null,"isAvailable":true,"isConnected":true,"isFailover":false,"isRoaming":false,"state":"CONNECTED","subtype":0,"subtypeName":"","type":1,"typeName":"WIFI"}],"platformVersion":"10","realDisplaySize":"1080x2340","timeZone":"Europe/Paris"}}
[debug] [35m[ADB][39m Running '/Users/dominiquemereaux/.katalon/tools/android_sdk/platform-tools/adb -P 5037 -s emulator-5554 shell dumpsys window'
[35m[AndroidDriver][39m Screen already unlocked, doing nothing
[35m[UiAutomator2][39m Starting 'com.hmh.api/com.hmh.api.ApiDemos and waiting for 'com.hmh.api/com.hmh.api.ApiDemos'
[debug] [35m[ADB][39m Running '/Users/dominiquemereaux/.katalon/tools/android_sdk/platform-tools/adb -P 5037 -s emulator-5554 shell am start -W -n com.hmh.api/com.hmh.api.ApiDemos -S -a android.intent.action.MAIN -c android.intent.category.LAUNCHER -f 0x10200000'
[debug] [35m[ADB][39m Waiting up to 20000ms for activity matching pkg: 'com.hmh.api' and activity: 'com.hmh.api.ApiDemos' to be focused
[debug] [35m[ADB][39m Possible activities, to be checked: 'com.hmh.api.ApiDemos', 'com.hmh.api.com.hmh.api.ApiDemos'
[debug] [35m[ADB][39m Getting focused package and activity
[debug] [35m[ADB][39m Running '/Users/dominiquemereaux/.katalon/tools/android_sdk/platform-tools/adb -P 5037 -s emulator-5554 shell dumpsys window displays'
[debug] [35m[ADB][39m Found package: 'com.hmh.api' and fully qualified activity name : 'com.hmh.api.ApiDemos'
[debug] [35m[WD Proxy][39m Proxying [GET /appium/device/pixel_ratio] to [GET http://127.0.0.1:54339/wd/hub/session/837ee005-48eb-427c-8eb5-fd67653ef80f/appium/device/pixel_ratio] with no body
[debug] [35m[WD Proxy][39m Got response with status 200: {"sessionId":"837ee005-48eb-427c-8eb5-fd67653ef80f","value":2.75}
[debug] [35m[WD Proxy][39m Matched '/appium/device/system_bars' to command name 'getSystemBars'
[debug] [35m[WD Proxy][39m Proxying [GET /appium/device/system_bars] to [GET http://127.0.0.1:54339/wd/hub/session/837ee005-48eb-427c-8eb5-fd67653ef80f/appium/device/system_bars] with no body
[debug] [35m[WD Proxy][39m Got response with status 200: {"sessionId":"837ee005-48eb-427c-8eb5-fd67653ef80f","value":{"statusBar":66}}
[debug] [35m[WD Proxy][39m Matched '/window/current/size' to command name 'getWindowSize'
[debug] [35m[WD Proxy][39m Proxying [GET /window/current/size] to [GET http://127.0.0.1:54339/wd/hub/session/837ee005-48eb-427c-8eb5-fd67653ef80f/window/current/size] with no body
[debug] [35m[WD Proxy][39m Got response with status 200: {"sessionId":"837ee005-48eb-427c-8eb5-fd67653ef80f","value":{"height":2208,"width":1080}}
[35m[Appium][39m New AndroidUiautomator2Driver session created successfully, session b70e9bcb-9d98-4fb8-852d-eccd90fb3f2c added to master session list
[debug] [35m[BaseDriver][39m Event 'newSessionStarted' logged at 1674061473254 (18:04:33 GMT+0100 (Central European Standard Time))
[debug] [35m[W3C (b70e9bcb)][39m Cached the protocol value 'W3C' for the new session b70e9bcb-9d98-4fb8-852d-eccd90fb3f2c
[debug] [35m[W3C (b70e9bcb)][39m Responding to client with driver.createSession() result: {"capabilities":{"platform":"ANDROID","webStorageEnabled":false,"takesScreenshot":true,"javascriptEnabled":true,"databaseEnabled":false,"networkConnectionEnabled":true,"locationContextEnabled":false,"warnings":{},"desired":{"platformName":"android","platform":"ANDROID","chromedriverPort":54331,"app":"/Users/dominiquemereaux/Katalon Studio/toto/androidapp/APIDemos.apk","autoGrantPermissions":true,"automationName":"uiautomator2","deviceName":"emulator-5554 (Android SDK built for arm64 - Android 10)","fullReset":false,"newCommandTimeout":1800,"noReset":true,"platformVersion":"10","systemPort":54339,"udid":"emulator-5554"},"platformName":"android","chromedriverPort":54331,"app":"/Users/dominiquemereaux/Katalon Studio/toto/androidapp/APIDemos.apk","autoGrantPermissions":true,"automationName":"uiautomator2","deviceName":"emulator-5554","fullReset":false,"newCommandTimeout":1800,"noReset":true,"platformVersion":"10","systemPort":54339,"udid":"emulator-5554","deviceUDID":"emulator-5554","appPackage":"com.hmh.api",...
[35m[HTTP][39m [37m<-- POST /wd/hub/session [39m[32m200[39m [90m6715 ms - 1333[39m
[35m[HTTP][39m [90m[39m
[35m[HTTP][39m [37m-->[39m [37mGET[39m [37m/wd/hub/session/b70e9bcb-9d98-4fb8-852d-eccd90fb3f2c[39m
[35m[HTTP][39m [90m{}[39m
[debug] [35m[W3C (b70e9bcb)][39m Calling AppiumDriver.getSession() with args: ["b70e9bcb-9d98-4fb8-852d-eccd90fb3f2c"]
[debug] [35m[UiAutomator2][39m Getting session details from server to mix in
[debug] [35m[WD Proxy][39m Matched '/' to command name 'getSession'
[debug] [35m[WD Proxy][39m Proxying [GET /] to [GET http://127.0.0.1:54339/wd/hub/session/837ee005-48eb-427c-8eb5-fd67653ef80f] with no body
[debug] [35m[WD Proxy][39m Got response with status 200: {"sessionId":"837ee005-48eb-427c-8eb5-fd67653ef80f","value":{"lastScrollData":null}}
[debug] [35m[W3C (b70e9bcb)][39m Responding to client with driver.getSession() result: {"platform":"ANDROID","webStorageEnabled":false,"takesScreenshot":true,"javascriptEnabled":true,"databaseEnabled":false,"networkConnectionEnabled":true,"locationContextEnabled":false,"warnings":{},"desired":{"platformName":"android","platform":"ANDROID","chromedriverPort":54331,"app":"/Users/dominiquemereaux/Katalon Studio/toto/androidapp/APIDemos.apk","autoGrantPermissions":true,"automationName":"uiautomator2","deviceName":"emulator-5554 (Android SDK built for arm64 - Android 10)","fullReset":false,"newCommandTimeout":1800,"noReset":true,"platformVersion":"10","systemPort":54339,"udid":"emulator-5554"},"platformName":"android","chromedriverPort":54331,"app":"/Users/dominiquemereaux/Katalon Studio/toto/androidapp/APIDemos.apk","autoGrantPermissions":true,"automationName":"uiautomator2","deviceName":"emulator-5554","fullReset":false,"newCommandTimeout":1800,"noReset":true,"platformVersion":"10","systemPort":54339,"udid":"emulator-5554","deviceUDID":"emulator-5554","appPackage":"com.hmh.api","deviceApiLevel"...
[35m[HTTP][39m [37m<-- GET /wd/hub/session/b70e9bcb-9d98-4fb8-852d-eccd90fb3f2c [39m[32m200[39m [90m4 ms - 1287[39m
[35m[HTTP][39m [90m[39m
[35m[HTTP][39m [37m-->[39m [37mGET[39m [37m/wd/hub/session/b70e9bcb-9d98-4fb8-852d-eccd90fb3f2c[39m
[35m[HTTP][39m [90m{}[39m
[debug] [35m[W3C (b70e9bcb)][39m Calling AppiumDriver.getSession() with args: ["b70e9bcb-9d98-4fb8-852d-eccd90fb3f2c"]
[debug] [35m[UiAutomator2][39m Getting session details from server to mix in
[debug] [35m[WD Proxy][39m Matched '/' to command name 'getSession'
[debug] [35m[WD Proxy][39m Proxying [GET /] to [GET http://127.0.0.1:54339/wd/hub/session/837ee005-48eb-427c-8eb5-fd67653ef80f] with no body
[debug] [35m[WD Proxy][39m Got response with status 200: {"sessionId":"837ee005-48eb-427c-8eb5-fd67653ef80f","value":{"lastScrollData":null}}
[debug] [35m[W3C (b70e9bcb)][39m Responding to client with driver.getSession() result: {"platform":"ANDROID","webStorageEnabled":false,"takesScreenshot":true,"javascriptEnabled":true,"databaseEnabled":false,"networkConnectionEnabled":true,"locationContextEnabled":false,"warnings":{},"desired":{"platformName":"android","platform":"ANDROID","chromedriverPort":54331,"app":"/Users/dominiquemereaux/Katalon Studio/toto/androidapp/APIDemos.apk","autoGrantPermissions":true,"automationName":"uiautomator2","deviceName":"emulator-5554 (Android SDK built for arm64 - Android 10)","fullReset":false,"newCommandTimeout":1800,"noReset":true,"platformVersion":"10","systemPort":54339,"udid":"emulator-5554"},"platformName":"android","chromedriverPort":54331,"app":"/Users/dominiquemereaux/Katalon Studio/toto/androidapp/APIDemos.apk","autoGrantPermissions":true,"automationName":"uiautomator2","deviceName":"emulator-5554","fullReset":false,"newCommandTimeout":1800,"noReset":true,"platformVersion":"10","systemPort":54339,"udid":"emulator-5554","deviceUDID":"emulator-5554","appPackage":"com.hmh.api","deviceApiLevel"...
[35m[HTTP][39m [37m<-- GET /wd/hub/session/b70e9bcb-9d98-4fb8-852d-eccd90fb3f2c [39m[32m200[39m [90m3 ms - 1287[39m
[35m[HTTP][39m [90m[39m
[35m[HTTP][39m [37m-->[39m [37mGET[39m [37m/wd/hub/status[39m
[35m[HTTP][39m [90m{}[39m
[debug] [35m[GENERIC][39m Calling AppiumDriver.getStatus() with args: []
[debug] [35m[GENERIC][39m Responding to client with driver.getStatus() result: {"build":{"version":"1.22.3"}}
[35m[HTTP][39m [37m<-- GET /wd/hub/status [39m[32m200[39m [90m0 ms - 68[39m
[35m[HTTP][39m [90m[39m
[35m[HTTP][39m [37m-->[39m [37mPOST[39m [37m/wd/hub/session/b70e9bcb-9d98-4fb8-852d-eccd90fb3f2c/timeouts[39m
[35m[HTTP][39m [90m{"implicit":60000}[39m
[debug] [35m[W3C (b70e9bcb)][39m Calling AppiumDriver.timeouts() with args: [null,null,null,null,60000,"b70e9bcb-9d98-4fb8-852d-eccd90fb3f2c"]
[debug] [35m[BaseDriver][39m W3C timeout argument: {"implicit":60000}}
[debug] [35m[BaseDriver][39m Set implicit wait to 60000ms
[debug] [35m[W3C (b70e9bcb)][39m Responding to client with driver.timeouts() result: null
[35m[HTTP][39m [37m<-- POST /wd/hub/session/b70e9bcb-9d98-4fb8-852d-eccd90fb3f2c/timeouts [39m[32m200[39m [90m1 ms - 14[39m
[35m[HTTP][39m [90m[39m
[35m[HTTP][39m [37m-->[39m [37mGET[39m [37m/wd/hub/session/b70e9bcb-9d98-4fb8-852d-eccd90fb3f2c/source[39m
[35m[HTTP][39m [90m{}[39m
[35m[W3C (b70e9bcb)][39m Driver proxy active, passing request on via HTTP proxy
[debug] [35m[WD Proxy][39m Matched '/wd/hub/session/b70e9bcb-9d98-4fb8-852d-eccd90fb3f2c/source' to command name 'getPageSource'
[debug] [35m[WD Proxy][39m Proxying [GET /wd/hub/session/b70e9bcb-9d98-4fb8-852d-eccd90fb3f2c/source] to [GET http://127.0.0.1:54339/wd/hub/session/837ee005-48eb-427c-8eb5-fd67653ef80f/source] with no body
[debug] [35m[WD Proxy][39m Got response with status 200: {"sessionId":"837ee005-48eb-427c-8eb5-fd67653ef80f","value":"<?xml version='1.0' encoding='UTF-8' standalone='yes' ?>\r\n<hierarchy index=\"0\" class=\"hierarchy\" rotation=\"0\" width=\"1080\" height=\"2208\">\r\n  <android.widget.FrameLayout index=\"0\" package=\"android\" class=\"android.widget.FrameLayout\" text=\"\" checkable=\"false\" checked=\"false\" clickable=\"false\" enabled=\"true\" focusable=\"false\" focused=\"false\" long-clickable=\"false\" password=\"false\" scrollable=\"false\" selected=\"false\" bounds=\"[28,827][964,1359]\" displayed=\"true\">\r\n    <android.widget.FrameLayout index=\"0\" package=\"android\" class=\"android.widget.FrameLayout\" text=\"\" checkable=\"false\" checked=\"false\" clickable=\"false\" enabled=\"true\" focusable=\"false\" focused=\"false\" long-clickable=\"false\" password=\"false\" scrollable=\"false\" selected=\"false\" bounds=\"[72,871][964,1359]\" displayed=\"true\">\r\n      <android.widget.FrameLayout index=\"0\" package=\"android\" class=\"android.widge...
[35m[WD Proxy][39m Replacing sessionId 837ee005-48eb-427c-8eb5-fd67653ef80f with b70e9bcb-9d98-4fb8-852d-eccd90fb3f2c
[35m[HTTP][39m [37m<-- GET /wd/hub/session/b70e9bcb-9d98-4fb8-852d-eccd90fb3f2c/source [39m[32m200[39m [90m295 ms - 6748[39m
[35m[HTTP][39m [90m[39m
[35m[HTTP][39m [37m-->[39m [37mGET[39m [37m/wd/hub/session/b70e9bcb-9d98-4fb8-852d-eccd90fb3f2c/screenshot[39m
[35m[HTTP][39m [90m{}[39m
[debug] [35m[W3C (b70e9bcb)][39m Calling AppiumDriver.getScreenshot() with args: ["b70e9bcb-9d98-4fb8-852d-eccd90fb3f2c"]
[debug] [35m[WD Proxy][39m Matched '/screenshot' to command name 'getScreenshot'
[debug] [35m[WD Proxy][39m Proxying [GET /screenshot] to [GET http://127.0.0.1:54339/wd/hub/session/837ee005-48eb-427c-8eb5-fd67653ef80f/screenshot] with no body
[debug] [35m[WD Proxy][39m Got response with status 200: {"sessionId":"837ee005-48eb-427c-8eb5-fd67653ef80f","value":"iVBORw0KGgoAAAANSUhEUgAABDgAAAkkCAYAAAD508+vAAAAAXNSR0IArs4c6QAAAARzQklUCAgI\nCHwIZIgAACAASURBVHic7N15eFTl3T7we9ZM9oXse1iyEEgIOwRQBAR/RcBqsbTVUrEtoPKyuBaR\nRVtarWJFK0KLpbRWBUHBKoICAcIOgQBJ2EIWyAYJ2ZfJZM7vj7yZN5M5SWYmM5OccH+uq1eZM3PO\n80xIMOee7/N9ZAAEEBERERERERFJmLy7J0BERERERERE1FUMOIiIiIiIiIhI8hhwEBEREREREZHk\nMeAgIiIiIiIiIsljwEFEREREREREkseAg4iIiIiIiIgkjwEHEREREREREUkeAw4iIiIiIiIikjwG\nHEREREREREQkeQw4iIiIiIiIiEjyGHAQERERERERkeQx4CAiIiIiIiIiyVN29wSIejKZTIaIiAj8\n9re/xX333YewsDCj5wRBAAA0NTXhypUr+PLLL/Hpp5/i7t27hueIiIiIiIjI/mQAeBdG1IpMJoNa\nrcbatWsxa9YsqNVqyGQys8/X6/Worq7Gn//8Z2zevJlBBxERERERkQMw4CBqRaFQYMuWLbjvvvsg\nk8ksCjbaEgQBgiAgMjISTU1NNpwl2YtMJoNGo4GLi4vF5wqCAJ1Oh+rqauj1ejvMjoiIiMh6np6e\nGDhwIOLi4uDh4QEAqKysRGZmJjIyMlBRUdHNM7QtT09PxMbGwt/fH3369IGnpycqKipQWlqKkpIS\nZGVl9br3DADx8fG4dOmSQ8aaPXs2QkNDO3zNO++845C5tOASFaL/NWrUKGzbtg0KhcIm12sJSB5/\n/HF88sknNrkm2Y9MJoOHhwcmTZqEYcOGWXy+Xq9HSUkJ9u3bh+zsbGi1WjvMkoiIiMh8Go0GY8eO\nxZw5czBq1Ch4eHgYfYjX8oFc...
[debug] [35m[W3C (b70e9bcb)][39m Responding to client with driver.getScreenshot() result: "iVBORw0KGgoAAAANSUhEUgAABDgAAAkkCAYAAAD508+vAAAAAXNSR0IArs4c6QAAAARzQklUCAgI\nCHwIZIgAACAASURBVHic7N15eFTl3T7we9ZM9oXse1iyEEgIOwRQBAR/RcBqsbTVUrEtoPKyuBaR\nRVtarWJFK0KLpbRWBUHBKoICAcIOgQBJ2EIWyAYJ2ZfJZM7vj7yZN5M5SWYmM5OccH+uq1eZM3PO\n80xIMOee7/N9ZAAEEBERERERERFJmLy7J0BERERERERE1FUMOIiIiIiIiIhI8hhwEBEREREREZHk\nMeAgIiIiIiIiIsljwEFEREREREREkseAg4iIiIiIiIgkjwEHEREREREREUkeAw4iIiIiIiIikjwG\nHEREREREREQkeQw4iIiIiIiIiEjyGHAQERERERERkeQx4CAiIiIiIiIiyVN29wSIejKZTIaIiAj8\n9re/xX333YewsDCj5wRBAAA0NTXhypUr+PLLL/Hpp5/i7t27hueIiIiIiIjI/mQAeBdG1IpMJoNa\nrcbatWsxa9YsqNVqyGQys8/X6/Worq7Gn//8Z2zevJlBBxERERERkQMw4CBqRaFQYMuWLbjvvvsg\nk8ksCjbaEgQBgiAgMjISTU1NNpwl2YtMJoNGo4GLi4vF5wqCAJ1Oh+rqauj1ejvMjoiIiMh6np6e\nGDhwIOLi4uDh4QEAqKysRGZmJjIyMlBRUdHNM7QtT09PxMbGwt/fH3369IGnpycqKipQWlqKkpIS\nZGVl9br3DADx8fG4dOmSQ8aaPXs2QkNDO3zNO++845C5tOASFaL/NWrUKGzbtg0KhcIm12sJSB5/\n/HF88sknNrkm2Y9MJoOHhwcmTZqEYcOGWXy+Xq9HSUkJ9u3bh+zsbGi1WjvMkoiIiMh8Go0GY8eO\nxZw5czBq1Ch4eHgYfYjX8oFcZWUlTpw4gX/84x9ITU3t5llbJyEhAePHj8fYsWMxcOBA+Pv7d3pO\nSUkJMj...
[35m[HTTP][39m [37m<-- GET /wd/hub/session/b70e9bcb-9d98-4fb8-852d-eccd90fb3f2c/screenshot [39m[32m200[39m [90m142 ms - 142560[39m
[35m[HTTP][39m [90m[39m
[35m[HTTP][39m [37m-->[39m [37mPOST[39m [37m/wd/hub/session/b70e9bcb-9d98-4fb8-852d-eccd90fb3f2c/elements[39m
[35m[HTTP][39m [90m{"using":"xpath","value":"//*[@class = 'android.widget.Button' and (@text = 'OK' or . = 'OK') and @resource-id = 'android:id/button1']"}[39m
[debug] [35m[W3C (b70e9bcb)][39m Calling AppiumDriver.findElements() with args: ["xpath","//*[@class = 'android.widget.Button' and (@text = 'OK' or . = 'OK') and @resource-id = 'android:id/button1']","b70e9bcb-9d98-4fb8-852d-eccd90fb3f2c"]
[debug] [35m[BaseDriver][39m Valid locator strategies for this request: xpath, id, class name, accessibility id, css selector, -android uiautomator
[debug] [35m[BaseDriver][39m Waiting up to 60000 ms for condition
[debug] [35m[WD Proxy][39m Matched '/elements' to command name 'findElements'
[debug] [35m[WD Proxy][39m Proxying [POST /elements] to [POST http://127.0.0.1:54339/wd/hub/session/837ee005-48eb-427c-8eb5-fd67653ef80f/elements] with body: {"strategy":"xpath","selector":"//*[@class = 'android.widget.Button' and (@text = 'OK' or . = 'OK') and @resource-id = 'android:id/button1']","context":"","multiple":true}
[debug] [35m[WD Proxy][39m Got response with status 200: {"sessionId":"837ee005-48eb-427c-8eb5-fd67653ef80f","value":[{"ELEMENT":"00000000-0000-0039-ffff-ffff0000004b","element-6066-11e4-a52e-4f735466cecf":"00000000-0000-0039-ffff-ffff0000004b"}]}
[debug] [35m[W3C (b70e9bcb)][39m Responding to client with driver.findElements() result: [{"element-6066-11e4-a52e-4f735466cecf":"00000000-0000-0039-ffff-ffff0000004b","ELEMENT":"00000000-0000-0039-ffff-ffff0000004b"}]
[35m[HTTP][39m [37m<-- POST /wd/hub/session/b70e9bcb-9d98-4fb8-852d-eccd90fb3f2c/elements [39m[32m200[39m [90m111 ms - 139[39m
[35m[HTTP][39m [90m[39m
[35m[HTTP][39m [37m-->[39m [37mGET[39m [37m/wd/hub/session/b70e9bcb-9d98-4fb8-852d-eccd90fb3f2c/window/rect[39m
[35m[HTTP][39m [90m{}[39m
[debug] [35m[W3C (b70e9bcb)][39m Calling AppiumDriver.getWindowRect() with args: ["b70e9bcb-9d98-4fb8-852d-eccd90fb3f2c"]
[debug] [35m[WD Proxy][39m Matched '/window/current/size' to command name 'getWindowSize'
[debug] [35m[WD Proxy][39m Proxying [GET /window/current/size] to [GET http://127.0.0.1:54339/wd/hub/session/837ee005-48eb-427c-8eb5-fd67653ef80f/window/current/size] with no body
[debug] [35m[WD Proxy][39m Got response with status 200: {"sessionId":"837ee005-48eb-427c-8eb5-fd67653ef80f","value":{"height":2208,"width":1080}}
[debug] [35m[W3C (b70e9bcb)][39m Responding to client with driver.getWindowRect() result: {"width":1080,"height":2208,"x":0,"y":0}
[35m[HTTP][39m [37m<-- GET /wd/hub/session/b70e9bcb-9d98-4fb8-852d-eccd90fb3f2c/window/rect [39m[32m200[39m [90m6 ms - 50[39m
[35m[HTTP][39m [90m[39m
[35m[HTTP][39m [37m-->[39m [37mPOST[39m [37m/wd/hub/session/b70e9bcb-9d98-4fb8-852d-eccd90fb3f2c/elements[39m
[35m[HTTP][39m [90m{"using":"xpath","value":"//*[@class = 'android.widget.Button' and (@text = 'OK' or . = 'OK') and @resource-id = 'android:id/button1']"}[39m
[debug] [35m[W3C (b70e9bcb)][39m Calling AppiumDriver.findElements() with args: ["xpath","//*[@class = 'android.widget.Button' and (@text = 'OK' or . = 'OK') and @resource-id = 'android:id/button1']","b70e9bcb-9d98-4fb8-852d-eccd90fb3f2c"]
[debug] [35m[BaseDriver][39m Valid locator strategies for this request: xpath, id, class name, accessibility id, css selector, -android uiautomator
[debug] [35m[BaseDriver][39m Waiting up to 60000 ms for condition
[debug] [35m[WD Proxy][39m Matched '/elements' to command name 'findElements'
[debug] [35m[WD Proxy][39m Proxying [POST /elements] to [POST http://127.0.0.1:54339/wd/hub/session/837ee005-48eb-427c-8eb5-fd67653ef80f/elements] with body: {"strategy":"xpath","selector":"//*[@class = 'android.widget.Button' and (@text = 'OK' or . = 'OK') and @resource-id = 'android:id/button1']","context":"","multiple":true}
[debug] [35m[WD Proxy][39m Got response with status 200: {"sessionId":"837ee005-48eb-427c-8eb5-fd67653ef80f","value":[{"ELEMENT":"00000000-0000-0039-ffff-ffff0000004b","element-6066-11e4-a52e-4f735466cecf":"00000000-0000-0039-ffff-ffff0000004b"}]}
[debug] [35m[W3C (b70e9bcb)][39m Responding to client with driver.findElements() result: [{"element-6066-11e4-a52e-4f735466cecf":"00000000-0000-0039-ffff-ffff0000004b","ELEMENT":"00000000-0000-0039-ffff-ffff0000004b"}]
[35m[HTTP][39m [37m<-- POST /wd/hub/session/b70e9bcb-9d98-4fb8-852d-eccd90fb3f2c/elements [39m[32m200[39m [90m17 ms - 139[39m
[35m[HTTP][39m [90m[39m
[35m[HTTP][39m [37m-->[39m [37mGET[39m [37m/wd/hub/session/b70e9bcb-9d98-4fb8-852d-eccd90fb3f2c/element/00000000-0000-0039-ffff-ffff0000004b/location[39m
[35m[HTTP][39m [90m{}[39m
[35m[W3C (b70e9bcb)][39m Driver proxy active, passing request on via HTTP proxy
[debug] [35m[WD Proxy][39m Matched '/wd/hub/session/b70e9bcb-9d98-4fb8-852d-eccd90fb3f2c/element/00000000-0000-0039-ffff-ffff0000004b/location' to command name 'getLocation'
[debug] [35m[WD Proxy][39m Proxying [GET /wd/hub/session/b70e9bcb-9d98-4fb8-852d-eccd90fb3f2c/element/00000000-0000-0039-ffff-ffff0000004b/location] to [GET http://127.0.0.1:54339/wd/hub/session/837ee005-48eb-427c-8eb5-fd67653ef80f/element/00000000-0000-0039-ffff-ffff0000004b/location] with no body
[debug] [35m[WD Proxy][39m Got response with status 200: {"sessionId":"837ee005-48eb-427c-8eb5-fd67653ef80f","value":{"x":799,"y":1243}}
[35m[WD Proxy][39m Replacing sessionId 837ee005-48eb-427c-8eb5-fd67653ef80f with b70e9bcb-9d98-4fb8-852d-eccd90fb3f2c
[35m[HTTP][39m [37m<-- GET /wd/hub/session/b70e9bcb-9d98-4fb8-852d-eccd90fb3f2c/element/00000000-0000-0039-ffff-ffff0000004b/location [39m[32m200[39m [90m5 ms - 79[39m
[35m[HTTP][39m [90m[39m
[35m[HTTP][39m [37m-->[39m [37mPOST[39m [37m/wd/hub/session/b70e9bcb-9d98-4fb8-852d-eccd90fb3f2c/element/00000000-0000-0039-ffff-ffff0000004b/click[39m
[35m[HTTP][39m [90m{"id":"00000000-0000-0039-ffff-ffff0000004b"}[39m
[debug] [35m[W3C (b70e9bcb)][39m Calling AppiumDriver.click() with args: ["00000000-0000-0039-ffff-ffff0000004b","b70e9bcb-9d98-4fb8-852d-eccd90fb3f2c"]
[debug] [35m[WD Proxy][39m Matched '/element/00000000-0000-0039-ffff-ffff0000004b/click' to command name 'click'
[debug] [35m[WD Proxy][39m Proxying [POST /element/00000000-0000-0039-ffff-ffff0000004b/click] to [POST http://127.0.0.1:54339/wd/hub/session/837ee005-48eb-427c-8eb5-fd67653ef80f/element/00000000-0000-0039-ffff-ffff0000004b/click] with body: {"element":"00000000-0000-0039-ffff-ffff0000004b"}
[debug] [35m[WD Proxy][39m Got response with status 200: {"sessionId":"837ee005-48eb-427c-8eb5-fd67653ef80f","value":null}
[debug] [35m[W3C (b70e9bcb)][39m Responding to client with driver.click() result: null
[35m[HTTP][39m [37m<-- POST /wd/hub/session/b70e9bcb-9d98-4fb8-852d-eccd90fb3f2c/element/00000000-0000-0039-ffff-ffff0000004b/click [39m[32m200[39m [90m25 ms - 14[39m
[35m[HTTP][39m [90m[39m
[35m[HTTP][39m [37m-->[39m [37mGET[39m [37m/wd/hub/session/b70e9bcb-9d98-4fb8-852d-eccd90fb3f2c/source[39m
[35m[HTTP][39m [90m{}[39m
[35m[W3C (b70e9bcb)][39m Driver proxy active, passing request on via HTTP proxy
[debug] [35m[WD Proxy][39m Matched '/wd/hub/session/b70e9bcb-9d98-4fb8-852d-eccd90fb3f2c/source' to command name 'getPageSource'
[debug] [35m[WD Proxy][39m Proxying [GET /wd/hub/session/b70e9bcb-9d98-4fb8-852d-eccd90fb3f2c/source] to [GET http://127.0.0.1:54339/wd/hub/session/837ee005-48eb-427c-8eb5-fd67653ef80f/source] with no body
[debug] [35m[WD Proxy][39m Got response with status 200: {"sessionId":"837ee005-48eb-427c-8eb5-fd67653ef80f","value":"<?xml version='1.0' encoding='UTF-8' standalone='yes' ?>\r\n<hierarchy index=\"0\" class=\"hierarchy\" rotation=\"0\" width=\"1080\" height=\"2208\">\r\n  <android.widget.FrameLayout index=\"0\" package=\"com.hmh.api\" class=\"android.widget.FrameLayout\" text=\"\" checkable=\"false\" checked=\"false\" clickable=\"false\" enabled=\"true\" focusable=\"false\" focused=\"false\" long-clickable=\"false\" password=\"false\" scrollable=\"false\" selected=\"false\" bounds=\"[0,0][1080,2009]\" displayed=\"true\">\r\n    <android.view.ViewGroup index=\"0\" package=\"com.hmh.api\" class=\"android.view.ViewGroup\" text=\"\" resource-id=\"android:id/decor_content_parent\" checkable=\"false\" checked=\"false\" clickable=\"false\" enabled=\"true\" focusable=\"false\" focused=\"false\" long-clickable=\"false\" password=\"false\" scrollable=\"false\" selected=\"false\" bounds=\"[0,0][1080,2009]\" displayed=\"true\">\r\n      <android.widget.FrameLayout index=\"0...
[35m[WD Proxy][39m Replacing sessionId 837ee005-48eb-427c-8eb5-fd67653ef80f with b70e9bcb-9d98-4fb8-852d-eccd90fb3f2c
[35m[HTTP][39m [37m<-- GET /wd/hub/session/b70e9bcb-9d98-4fb8-852d-eccd90fb3f2c/source [39m[32m200[39m [90m42 ms - 7652[39m
[35m[HTTP][39m [90m[39m
[35m[HTTP][39m [37m-->[39m [37mGET[39m [37m/wd/hub/session/b70e9bcb-9d98-4fb8-852d-eccd90fb3f2c/screenshot[39m
[35m[HTTP][39m [90m{}[39m
[debug] [35m[W3C (b70e9bcb)][39m Calling AppiumDriver.getScreenshot() with args: ["b70e9bcb-9d98-4fb8-852d-eccd90fb3f2c"]
[debug] [35m[WD Proxy][39m Matched '/screenshot' to command name 'getScreenshot'
[debug] [35m[WD Proxy][39m Proxying [GET /screenshot] to [GET http://127.0.0.1:54339/wd/hub/session/837ee005-48eb-427c-8eb5-fd67653ef80f/screenshot] with no body
[debug] [35m[WD Proxy][39m Got response with status 200: {"sessionId":"837ee005-48eb-427c-8eb5-fd67653ef80f","value":"iVBORw0KGgoAAAANSUhEUgAABDgAAAkkCAYAAAD508+vAAAAAXNSR0IArs4c6QAAAARzQklUCAgI\nCHwIZIgAACAASURBVHic7N15WJRV/z/w9zDDvgmyKIuAGogLuICCuKSiaBpKGmWa8aSVmhq4ZIYb\ntliWaam5UJZa5oJouOSSIiqiaZK4gBsKKoILsojszO8PvsyPcQaYgZnBwffruroe7zP3fZ8zCD7c\n7znncwQAxCAiIiIiIiIi0mI6jT0AIiIiIiIiIqKGYsBBRERERERERFqPAQcRERERERERaT0GHERE\nRERERESk9RhwEBEREREREZHWY8BBRERERERERFqPAQcRERERERERaT0GHERERERERESk9RhwEBER\nEREREZHWY8BBRERERERERFqPAQcRERERERERaT0GHERERERERESk9USNPQCi55lAIICTkxM++OAD\n9O3bF46OjlKvicViAEB5eTmuXr2KXbt2YcuWLXj8+LHkNSIiIiIiIlI/AQA+hRFVIxAIoKenh8WL\nF2PEiBHQ09ODQCBQ+PqKigo8efIE3377LdavX8+gg4iIiIiISAMYcBBVIxQKsWHDBvTt2xcCgUCp\nYONZYrEYYrEYzs7OKC8vV+EoSV0EAgEMDAxgZGSk9LVisRhlZWV48uQJKioq1DA6IiIiovozNzdH\n+/bt4e7uDjMzMwBAXl4ekpOTcfnyZeTm5jbyCFXL3Nwc7dq1g42NDZo3bw5zc3Pk5ubi0aNHuH//\nPlJSUprcewaADh064NKlSxrpKzg4GA4ODrWe891332lkLFW4RIXo//To0QPbt2+HUChUyf2qApI3\n3ngDmzdvVsk9SX0EAgHMzMwwYMAAdOvWTenrKyoqcP/+fRw6dAipqakoKSlRwyiJiIiIFGdgYICe\nPXti9OjR6NGjB8zMzKQ+xKv6...
[debug] [35m[W3C (b70e9bcb)][39m Responding to client with driver.getScreenshot() result: "iVBORw0KGgoAAAANSUhEUgAABDgAAAkkCAYAAAD508+vAAAAAXNSR0IArs4c6QAAAARzQklUCAgI\nCHwIZIgAACAASURBVHic7N15WJRV/z/w9zDDvgmyKIuAGogLuICCuKSiaBpKGmWa8aSVmhq4ZIYb\ntliWaam5UJZa5oJouOSSIiqiaZK4gBsKKoILsojszO8PvsyPcQaYgZnBwffruroe7zP3fZ8zCD7c\n7znncwQAxCAiIiIiIiIi0mI6jT0AIiIiIiIiIqKGYsBBRERERERERFqPAQcRERERERERaT0GHERE\nRERERESk9RhwEBEREREREZHWY8BBRERERERERFqPAQcRERERERERaT0GHERERERERESk9RhwEBER\nEREREZHWY8BBRERERERERFqPAQcRERERERERaT0GHERERERERESk9USNPQCi55lAIICTkxM++OAD\n9O3bF46OjlKvicViAEB5eTmuXr2KXbt2YcuWLXj8+LHkNSIiIiIiIlI/AQA+hRFVIxAIoKenh8WL\nF2PEiBHQ09ODQCBQ+PqKigo8efIE3377LdavX8+gg4iIiIiISAMYcBBVIxQKsWHDBvTt2xcCgUCp\nYONZYrEYYrEYzs7OKC8vV+EoSV0EAgEMDAxgZGSk9LVisRhlZWV48uQJKioq1DA6IiIiovozNzdH\n+/bt4e7uDjMzMwBAXl4ekpOTcfnyZeTm5jbyCFXL3Nwc7dq1g42NDZo3bw5zc3Pk5ubi0aNHuH//\nPlJSUprcewaADh064NKlSxrpKzg4GA4ODrWe891332lkLFW4RIXo//To0QPbt2+HUChUyf2qApI3\n3ngDmzdvVsk9SX0EAgHMzMwwYMAAdOvWTenrKyoqcP/+fRw6dAipqakoKSlRwyiJiIiIFGdgYICe\nPXti9OjR6NGjB8zMzKQ+xKv6QC4vLw+nT5/Gr7/+ivj4+EYedf14eHigd+/e6NmzJ9q3bw8bG5s6\nr7l//z...
[35m[HTTP][39m [37m<-- GET /wd/hub/session/b70e9bcb-9d98-4fb8-852d-eccd90fb3f2c/screenshot [39m[32m200[39m [90m128 ms - 100304[39m
[35m[HTTP][39m [90m[39m
[35m[HTTP][39m [37m-->[39m [37mPOST[39m [37m/wd/hub/session/b70e9bcb-9d98-4fb8-852d-eccd90fb3f2c/elements[39m
[35m[HTTP][39m [90m{"using":"xpath","value":"//*[@class = 'android.widget.TextView' and (@text = 'Graphics' or . = 'Graphics') and @resource-id = 'android:id/text1']"}[39m
[debug] [35m[W3C (b70e9bcb)][39m Calling AppiumDriver.findElements() with args: ["xpath","//*[@class = 'android.widget.TextView' and (@text = 'Graphics' or . = 'Graphics') and @resource-id = 'android:id/text1']","b70e9bcb-9d98-4fb8-852d-eccd90fb3f2c"]
[debug] [35m[BaseDriver][39m Valid locator strategies for this request: xpath, id, class name, accessibility id, css selector, -android uiautomator
[debug] [35m[BaseDriver][39m Waiting up to 60000 ms for condition
[debug] [35m[WD Proxy][39m Matched '/elements' to command name 'findElements'
[debug] [35m[WD Proxy][39m Proxying [POST /elements] to [POST http://127.0.0.1:54339/wd/hub/session/837ee005-48eb-427c-8eb5-fd67653ef80f/elements] with body: {"strategy":"xpath","selector":"//*[@class = 'android.widget.TextView' and (@text = 'Graphics' or . = 'Graphics') and @resource-id = 'android:id/text1']","context":"","multiple":true}
[debug] [35m[WD Proxy][39m Got response with status 200: {"sessionId":"837ee005-48eb-427c-8eb5-fd67653ef80f","value":[{"ELEMENT":"00000000-0000-003a-ffff-ffff0000000b","element-6066-11e4-a52e-4f735466cecf":"00000000-0000-003a-ffff-ffff0000000b"}]}
[debug] [35m[W3C (b70e9bcb)][39m Responding to client with driver.findElements() result: [{"element-6066-11e4-a52e-4f735466cecf":"00000000-0000-003a-ffff-ffff0000000b","ELEMENT":"00000000-0000-003a-ffff-ffff0000000b"}]
[35m[HTTP][39m [37m<-- POST /wd/hub/session/b70e9bcb-9d98-4fb8-852d-eccd90fb3f2c/elements [39m[32m200[39m [90m40 ms - 139[39m
[35m[HTTP][39m [90m[39m
[35m[HTTP][39m [37m-->[39m [37mGET[39m [37m/wd/hub/session/b70e9bcb-9d98-4fb8-852d-eccd90fb3f2c/window/rect[39m
[35m[HTTP][39m [90m{}[39m
[debug] [35m[W3C (b70e9bcb)][39m Calling AppiumDriver.getWindowRect() with args: ["b70e9bcb-9d98-4fb8-852d-eccd90fb3f2c"]
[debug] [35m[WD Proxy][39m Matched '/window/current/size' to command name 'getWindowSize'
[debug] [35m[WD Proxy][39m Proxying [GET /window/current/size] to [GET http://127.0.0.1:54339/wd/hub/session/837ee005-48eb-427c-8eb5-fd67653ef80f/window/current/size] with no body
[debug] [35m[WD Proxy][39m Got response with status 200: {"sessionId":"837ee005-48eb-427c-8eb5-fd67653ef80f","value":{"height":2208,"width":1080}}
[debug] [35m[W3C (b70e9bcb)][39m Responding to client with driver.getWindowRect() result: {"width":1080,"height":2208,"x":0,"y":0}
[35m[HTTP][39m [37m<-- GET /wd/hub/session/b70e9bcb-9d98-4fb8-852d-eccd90fb3f2c/window/rect [39m[32m200[39m [90m6 ms - 50[39m
[35m[HTTP][39m [90m[39m
[35m[HTTP][39m [37m-->[39m [37mPOST[39m [37m/wd/hub/session/b70e9bcb-9d98-4fb8-852d-eccd90fb3f2c/elements[39m
[35m[HTTP][39m [90m{"using":"xpath","value":"//*[@class = 'android.widget.TextView' and (@text = 'Graphics' or . = 'Graphics') and @resource-id = 'android:id/text1']"}[39m
[debug] [35m[W3C (b70e9bcb)][39m Calling AppiumDriver.findElements() with args: ["xpath","//*[@class = 'android.widget.TextView' and (@text = 'Graphics' or . = 'Graphics') and @resource-id = 'android:id/text1']","b70e9bcb-9d98-4fb8-852d-eccd90fb3f2c"]
[debug] [35m[BaseDriver][39m Valid locator strategies for this request: xpath, id, class name, accessibility id, css selector, -android uiautomator
[debug] [35m[BaseDriver][39m Waiting up to 60000 ms for condition
[debug] [35m[WD Proxy][39m Matched '/elements' to command name 'findElements'
[debug] [35m[WD Proxy][39m Proxying [POST /elements] to [POST http://127.0.0.1:54339/wd/hub/session/837ee005-48eb-427c-8eb5-fd67653ef80f/elements] with body: {"strategy":"xpath","selector":"//*[@class = 'android.widget.TextView' and (@text = 'Graphics' or . = 'Graphics') and @resource-id = 'android:id/text1']","context":"","multiple":true}
[debug] [35m[WD Proxy][39m Got response with status 200: {"sessionId":"837ee005-48eb-427c-8eb5-fd67653ef80f","value":[{"ELEMENT":"00000000-0000-003a-ffff-ffff0000000b","element-6066-11e4-a52e-4f735466cecf":"00000000-0000-003a-ffff-ffff0000000b"}]}
[debug] [35m[W3C (b70e9bcb)][39m Responding to client with driver.findElements() result: [{"element-6066-11e4-a52e-4f735466cecf":"00000000-0000-003a-ffff-ffff0000000b","ELEMENT":"00000000-0000-003a-ffff-ffff0000000b"}]
[35m[HTTP][39m [37m<-- POST /wd/hub/session/b70e9bcb-9d98-4fb8-852d-eccd90fb3f2c/elements [39m[32m200[39m [90m16 ms - 139[39m
[35m[HTTP][39m [90m[39m
[35m[HTTP][39m [37m-->[39m [37mGET[39m [37m/wd/hub/session/b70e9bcb-9d98-4fb8-852d-eccd90fb3f2c/element/00000000-0000-003a-ffff-ffff0000000b/location[39m
[35m[HTTP][39m [90m{}[39m
[35m[W3C (b70e9bcb)][39m Driver proxy active, passing request on via HTTP proxy
[debug] [35m[WD Proxy][39m Matched '/wd/hub/session/b70e9bcb-9d98-4fb8-852d-eccd90fb3f2c/element/00000000-0000-003a-ffff-ffff0000000b/location' to command name 'getLocation'
[debug] [35m[WD Proxy][39m Proxying [GET /wd/hub/session/b70e9bcb-9d98-4fb8-852d-eccd90fb3f2c/element/00000000-0000-003a-ffff-ffff0000000b/location] to [GET http://127.0.0.1:54339/wd/hub/session/837ee005-48eb-427c-8eb5-fd67653ef80f/element/00000000-0000-003a-ffff-ffff0000000b/location] with no body
[debug] [35m[WD Proxy][39m Got response with status 200: {"sessionId":"837ee005-48eb-427c-8eb5-fd67653ef80f","value":{"x":0,"y":760}}
[35m[WD Proxy][39m Replacing sessionId 837ee005-48eb-427c-8eb5-fd67653ef80f with b70e9bcb-9d98-4fb8-852d-eccd90fb3f2c
[35m[HTTP][39m [37m<-- GET /wd/hub/session/b70e9bcb-9d98-4fb8-852d-eccd90fb3f2c/element/00000000-0000-003a-ffff-ffff0000000b/location [39m[32m200[39m [90m4 ms - 76[39m
[35m[HTTP][39m [90m[39m
[35m[HTTP][39m [37m-->[39m [37mPOST[39m [37m/wd/hub/session/b70e9bcb-9d98-4fb8-852d-eccd90fb3f2c/element/00000000-0000-003a-ffff-ffff0000000b/click[39m
[35m[HTTP][39m [90m{"id":"00000000-0000-003a-ffff-ffff0000000b"}[39m
[debug] [35m[W3C (b70e9bcb)][39m Calling AppiumDriver.click() with args: ["00000000-0000-003a-ffff-ffff0000000b","b70e9bcb-9d98-4fb8-852d-eccd90fb3f2c"]
[debug] [35m[WD Proxy][39m Matched '/element/00000000-0000-003a-ffff-ffff0000000b/click' to command name 'click'
[debug] [35m[WD Proxy][39m Proxying [POST /element/00000000-0000-003a-ffff-ffff0000000b/click] to [POST http://127.0.0.1:54339/wd/hub/session/837ee005-48eb-427c-8eb5-fd67653ef80f/element/00000000-0000-003a-ffff-ffff0000000b/click] with body: {"element":"00000000-0000-003a-ffff-ffff0000000b"}
[debug] [35m[WD Proxy][39m Got response with status 200: {"sessionId":"837ee005-48eb-427c-8eb5-fd67653ef80f","value":null}
[debug] [35m[W3C (b70e9bcb)][39m Responding to client with driver.click() result: null
[35m[HTTP][39m [37m<-- POST /wd/hub/session/b70e9bcb-9d98-4fb8-852d-eccd90fb3f2c/element/00000000-0000-003a-ffff-ffff0000000b/click [39m[32m200[39m [90m1018 ms - 14[39m
[35m[HTTP][39m [90m[39m
[35m[HTTP][39m [37m-->[39m [37mGET[39m [37m/wd/hub/session/b70e9bcb-9d98-4fb8-852d-eccd90fb3f2c/source[39m
[35m[HTTP][39m [90m{}[39m
[35m[W3C (b70e9bcb)][39m Driver proxy active, passing request on via HTTP proxy
[debug] [35m[WD Proxy][39m Matched '/wd/hub/session/b70e9bcb-9d98-4fb8-852d-eccd90fb3f2c/source' to command name 'getPageSource'
[debug] [35m[WD Proxy][39m Proxying [GET /wd/hub/session/b70e9bcb-9d98-4fb8-852d-eccd90fb3f2c/source] to [GET http://127.0.0.1:54339/wd/hub/session/837ee005-48eb-427c-8eb5-fd67653ef80f/source] with no body
[debug] [35m[WD Proxy][39m Got response with status 200: {"sessionId":"837ee005-48eb-427c-8eb5-fd67653ef80f","value":"<?xml version='1.0' encoding='UTF-8' standalone='yes' ?>\r\n<hierarchy index=\"0\" class=\"hierarchy\" rotation=\"0\" width=\"1080\" height=\"2208\">\r\n  <android.widget.FrameLayout index=\"0\" package=\"com.hmh.api\" class=\"android.widget.FrameLayout\" text=\"\" checkable=\"false\" checked=\"false\" clickable=\"false\" enabled=\"true\" focusable=\"false\" focused=\"false\" long-clickable=\"false\" password=\"false\" scrollable=\"false\" selected=\"false\" bounds=\"[0,0][1080,2009]\" displayed=\"true\">\r\n    <android.view.ViewGroup index=\"0\" package=\"com.hmh.api\" class=\"android.view.ViewGroup\" text=\"\" resource-id=\"android:id/decor_content_parent\" checkable=\"false\" checked=\"false\" clickable=\"false\" enabled=\"true\" focusable=\"false\" focused=\"false\" long-clickable=\"false\" password=\"false\" scrollable=\"false\" selected=\"false\" bounds=\"[0,0][1080,2009]\" displayed=\"true\">\r\n      <android.widget.FrameLayout index=\"0...
[35m[WD Proxy][39m Replacing sessionId 837ee005-48eb-427c-8eb5-fd67653ef80f with b70e9bcb-9d98-4fb8-852d-eccd90fb3f2c
[35m[HTTP][39m [37m<-- GET /wd/hub/session/b70e9bcb-9d98-4fb8-852d-eccd90fb3f2c/source [39m[32m200[39m [90m39 ms - 8928[39m
[35m[HTTP][39m [90m[39m
[35m[HTTP][39m [37m-->[39m [37mGET[39m [37m/wd/hub/session/b70e9bcb-9d98-4fb8-852d-eccd90fb3f2c/screenshot[39m
[35m[HTTP][39m [90m{}[39m
[debug] [35m[W3C (b70e9bcb)][39m Calling AppiumDriver.getScreenshot() with args: ["b70e9bcb-9d98-4fb8-852d-eccd90fb3f2c"]
[debug] [35m[WD Proxy][39m Matched '/screenshot' to command name 'getScreenshot'
[debug] [35m[WD Proxy][39m Proxying [GET /screenshot] to [GET http://127.0.0.1:54339/wd/hub/session/837ee005-48eb-427c-8eb5-fd67653ef80f/screenshot] with no body
[debug] [35m[WD Proxy][39m Got response with status 200: {"sessionId":"837ee005-48eb-427c-8eb5-fd67653ef80f","value":"iVBORw0KGgoAAAANSUhEUgAABDgAAAkkCAYAAAD508+vAAAAAXNSR0IArs4c6QAAAARzQklUCAgI\nCHwIZIgAACAASURBVHic7N15WJTV/z7we5hh35FFWQTEQERBExTc19A0lDTKNPOTlktKuJQZbthi\nqaWl5kJZapkLouKSSy6oKGqJYgqaoqIioCKLiGwzvz/4Mj/GGWAGZgYH79d1ccWceZ7nnEEgnnvO\neR8BAAmIiIiIiIiIiHSYXkMPgIiIiIiIiIiovhhwEBEREREREZHOY8BBRERERERERDqPAQcRERER\nERER6TwGHERERERERESk8xhwEBEREREREZHOY8BBRERERERERDqPAQcRERERERER6TwGHERERERE\nRESk8xhwEBEREREREZHOY8BBRERERERERDqPAQcRERERERER6TxRQw+A6HkmEAjg6uqKcePGoUeP\nHnBxcZF5TiKRAADKy8tx9epV7NixA5s2bcKjR4+kzxEREREREZHmCQDwLoyoCoFAAAMDAyxYsABD\nhgyBgYEBBAKB0ueLxWI8fvwYixcvxtq1axl0EBERERERaQEDDqIqhEIh1q1bhx49ekAgEKgUbDxL\nIpFAIpHAzc0N5eXlahwlaYpAIICRkRFMTExUPlcikaCsrAyPHz+GWCzWwOiIiIiI6s7S0hKtW7eG\nt7c3LCwsAAD5+flISUnB5cuXkZeX18AjVC9LS0u0atUK9vb2aNKkCSwtLZGXl4eHDx8iOzsbqamp\nje41A4CPjw8uXbqklb7CwsLg7Oxc4zHfffedVsZSiUtUiP5Pp06dsHXrVgiFQrVcrzIgefPNN7Fx\n40a1XJM0RyAQwMLCAn369EGHDh1UPl8sFiM7OxsHDx5EWloaSkpKNDBKIiIiIuUZGRmhc+fOGD58\nODp16gQLCwuZN/Eq35DLz8/H...
[debug] [35m[W3C (b70e9bcb)][39m Responding to client with driver.getScreenshot() result: "iVBORw0KGgoAAAANSUhEUgAABDgAAAkkCAYAAAD508+vAAAAAXNSR0IArs4c6QAAAARzQklUCAgI\nCHwIZIgAACAASURBVHic7N15WJTV/z7we5hh35FFWQTEQERBExTc19A0lDTKNPOTlktKuJQZbthi\nqaWl5kJZapkLouKSSy6oKGqJYgqaoqIioCKLiGwzvz/4Mj/GGWAGZgYH79d1ccWceZ7nnEEgnnvO\neR8BAAmIiIiIiIiIiHSYXkMPgIiIiIiIiIiovhhwEBEREREREZHOY8BBRERERERERDqPAQcRERER\nERER6TwGHERERERERESk8xhwEBEREREREZHOY8BBRERERERERDqPAQcRERERERER6TwGHERERERE\nRESk8xhwEBEREREREZHOY8BBRERERERERDqPAQcRERERERER6TxRQw+A6HkmEAjg6uqKcePGoUeP\nHnBxcZF5TiKRAADKy8tx9epV7NixA5s2bcKjR4+kzxEREREREZHmCQDwLoyoCoFAAAMDAyxYsABD\nhgyBgYEBBAKB0ueLxWI8fvwYixcvxtq1axl0EBERERERaQEDDqIqhEIh1q1bhx49ekAgEKgUbDxL\nIpFAIpHAzc0N5eXlahwlaYpAIICRkRFMTExUPlcikaCsrAyPHz+GWCzWwOiIiIiI6s7S0hKtW7eG\nt7c3LCwsAAD5+flISUnB5cuXkZeX18AjVC9LS0u0atUK9vb2aNKkCSwtLZGXl4eHDx8iOzsbqamp\nje41A4CPjw8uXbqklb7CwsLg7Oxc4zHfffedVsZSiUtUiP5Pp06dsHXrVgiFQrVcrzIgefPNN7Fx\n40a1XJM0RyAQwMLCAn369EGHDh1UPl8sFiM7OxsHDx5EWloaSkpKNDBKIiIiIuUZGRmhc+fOGD58\nODp16gQLCwuZN/Eq35DLz8/H6dOn8euvvyIhIaGBR103vr6+6NatGzp37ozWrVvD3t6+1nOys7Nx\n+fJlJC...
[35m[HTTP][39m [37m<-- GET /wd/hub/session/b70e9bcb-9d98-4fb8-852d-eccd90fb3f2c/screenshot [39m[32m200[39m [90m139 ms - 144620[39m
[35m[HTTP][39m [90m[39m
[35m[HTTP][39m [37m-->[39m [37mGET[39m [37m/wd/hub/session/b70e9bcb-9d98-4fb8-852d-eccd90fb3f2c/screenshot[39m
[35m[HTTP][39m [90m{}[39m
[debug] [35m[W3C (b70e9bcb)][39m Calling AppiumDriver.getScreenshot() with args: ["b70e9bcb-9d98-4fb8-852d-eccd90fb3f2c"]
[debug] [35m[WD Proxy][39m Matched '/screenshot' to command name 'getScreenshot'
[debug] [35m[WD Proxy][39m Proxying [GET /screenshot] to [GET http://127.0.0.1:54339/wd/hub/session/837ee005-48eb-427c-8eb5-fd67653ef80f/screenshot] with no body
[debug] [35m[WD Proxy][39m Got response with status 200: {"sessionId":"837ee005-48eb-427c-8eb5-fd67653ef80f","value":"iVBORw0KGgoAAAANSUhEUgAABDgAAAkkCAYAAAD508+vAAAAAXNSR0IArs4c6QAAAARzQklUCAgI\nCHwIZIgAACAASURBVHic7N15WJTV/z7we5hh35FFWQTEQERBExTc19A0lDTKNPOTlktKuJQZbthi\nqaWl5kJZapkLouKSSy6oKGqJYgqaoqIioCKLiGwzvz/4Mj/GGWAGZgYH79d1ccWceZ7nnEEgnnvO\neR8BAAmIiIiIiIiIiHSYXkMPgIiIiIiIiIiovhhwEBEREREREZHOY8BBRERERERERDqPAQcRERER\nERER6TwGHERERERERESk8xhwEBEREREREZHOY8BBRERERERERDqPAQcRERERERER6TwGHERERERE\nRESk8xhwEBEREREREZHOY8BBRERERERERDqPAQcRERERERER6TxRQw+A6HkmEAjg6uqKcePGoUeP\nHnBxcZF5TiKRAADKy8tx9epV7NixA5s2bcKjR4+kzxEREREREZHmCQDwLoyoCoFAAAMDAyxYsABD\nhgyBgYEBBAKB0ueLxWI8fvwYixcvxtq1axl0EBERERERaQEDDqIqhEIh1q1bhx49ekAgEKgUbDxL\nIpFAIpHAzc0N5eXlahwlaYpAIICRkRFMTExUPlcikaCsrAyPHz+GWCzWwOiIiIiI6s7S0hKtW7eG\nt7c3LCwsAAD5+flISUnB5cuXkZeX18AjVC9LS0u0atUK9vb2aNKkCSwtLZGXl4eHDx8iOzsbqamp\nje41A4CPjw8uXbqklb7CwsLg7Oxc4zHfffedVsZSiUtUiP5Pp06dsHXrVgiFQrVcrzIgefPNN7Fx\n40a1XJM0RyAQwMLCAn369EGHDh1UPl8sFiM7OxsHDx5EWloaSkpKNDBKIiIiIuUZGRmhc+fOGD58\nODp16gQLCwuZN/Eq35DLz8/H...
[debug] [35m[W3C (b70e9bcb)][39m Responding to client with driver.getScreenshot() result: "iVBORw0KGgoAAAANSUhEUgAABDgAAAkkCAYAAAD508+vAAAAAXNSR0IArs4c6QAAAARzQklUCAgI\nCHwIZIgAACAASURBVHic7N15WJTV/z7we5hh35FFWQTEQERBExTc19A0lDTKNPOTlktKuJQZbthi\nqaWl5kJZapkLouKSSy6oKGqJYgqaoqIioCKLiGwzvz/4Mj/GGWAGZgYH79d1ccWceZ7nnEEgnnvO\neR8BAAmIiIiIiIiIiHSYXkMPgIiIiIiIiIiovhhwEBEREREREZHOY8BBRERERERERDqPAQcRERER\nERER6TwGHERERERERESk8xhwEBEREREREZHOY8BBRERERERERDqPAQcRERERERER6TwGHERERERE\nRESk8xhwEBEREREREZHOY8BBRERERERERDqPAQcRERERERER6TxRQw+A6HkmEAjg6uqKcePGoUeP\nHnBxcZF5TiKRAADKy8tx9epV7NixA5s2bcKjR4+kzxEREREREZHmCQDwLoyoCoFAAAMDAyxYsABD\nhgyBgYEBBAKB0ueLxWI8fvwYixcvxtq1axl0EBERERERaQEDDqIqhEIh1q1bhx49ekAgEKgUbDxL\nIpFAIpHAzc0N5eXlahwlaYpAIICRkRFMTExUPlcikaCsrAyPHz+GWCzWwOiIiIiI6s7S0hKtW7eG\nt7c3LCwsAAD5+flISUnB5cuXkZeX18AjVC9LS0u0atUK9vb2aNKkCSwtLZGXl4eHDx8iOzsbqamp\nje41A4CPjw8uXbqklb7CwsLg7Oxc4zHfffedVsZSiUtUiP5Pp06dsHXrVgiFQrVcrzIgefPNN7Fx\n40a1XJM0RyAQwMLCAn369EGHDh1UPl8sFiM7OxsHDx5EWloaSkpKNDBKIiIiIuUZGRmhc+fOGD58\nODp16gQLCwuZN/Eq35DLz8/H6dOn8euvvyIhIaGBR103vr6+6NatGzp37ozWrVvD3t6+1nOys7Nx\n+fJlJC...
[35m[HTTP][39m [37m<-- GET /wd/hub/session/b70e9bcb-9d98-4fb8-852d-eccd90fb3f2c/screenshot [39m[32m200[39m [90m163 ms - 144416[39m
[35m[HTTP][39m [90m[39m
[35m[HTTP][39m [37m-->[39m [37mGET[39m [37m/wd/hub/session/b70e9bcb-9d98-4fb8-852d-eccd90fb3f2c/source[39m
[35m[HTTP][39m [90m{}[39m
[35m[W3C (b70e9bcb)][39m Driver proxy active, passing request on via HTTP proxy
[debug] [35m[WD Proxy][39m Matched '/wd/hub/session/b70e9bcb-9d98-4fb8-852d-eccd90fb3f2c/source' to command name 'getPageSource'
[debug] [35m[WD Proxy][39m Proxying [GET /wd/hub/session/b70e9bcb-9d98-4fb8-852d-eccd90fb3f2c/source] to [GET http://127.0.0.1:54339/wd/hub/session/837ee005-48eb-427c-8eb5-fd67653ef80f/source] with no body
[debug] [35m[WD Proxy][39m Got response with status 200: {"sessionId":"837ee005-48eb-427c-8eb5-fd67653ef80f","value":"<?xml version='1.0' encoding='UTF-8' standalone='yes' ?>\r\n<hierarchy index=\"0\" class=\"hierarchy\" rotation=\"0\" width=\"1080\" height=\"2208\">\r\n  <android.widget.FrameLayout index=\"0\" package=\"com.hmh.api\" class=\"android.widget.FrameLayout\" text=\"\" checkable=\"false\" checked=\"false\" clickable=\"false\" enabled=\"true\" focusable=\"false\" focused=\"false\" long-clickable=\"false\" password=\"false\" scrollable=\"false\" selected=\"false\" bounds=\"[0,0][1080,2009]\" displayed=\"true\">\r\n    <android.view.ViewGroup index=\"0\" package=\"com.hmh.api\" class=\"android.view.ViewGroup\" text=\"\" resource-id=\"android:id/decor_content_parent\" checkable=\"false\" checked=\"false\" clickable=\"false\" enabled=\"true\" focusable=\"false\" focused=\"false\" long-clickable=\"false\" password=\"false\" scrollable=\"false\" selected=\"false\" bounds=\"[0,0][1080,2009]\" displayed=\"true\">\r\n      <android.widget.FrameLayout index=\"0...
[35m[WD Proxy][39m Replacing sessionId 837ee005-48eb-427c-8eb5-fd67653ef80f with b70e9bcb-9d98-4fb8-852d-eccd90fb3f2c
[35m[HTTP][39m [37m<-- GET /wd/hub/session/b70e9bcb-9d98-4fb8-852d-eccd90fb3f2c/source [39m[32m200[39m [90m27 ms - 8928[39m
[35m[HTTP][39m [90m[39m
[35m[HTTP][39m [37m-->[39m [37mGET[39m [37m/wd/hub/session/b70e9bcb-9d98-4fb8-852d-eccd90fb3f2c/screenshot[39m
[35m[HTTP][39m [90m{}[39m
[debug] [35m[W3C (b70e9bcb)][39m Calling AppiumDriver.getScreenshot() with args: ["b70e9bcb-9d98-4fb8-852d-eccd90fb3f2c"]
[debug] [35m[WD Proxy][39m Matched '/screenshot' to command name 'getScreenshot'
[debug] [35m[WD Proxy][39m Proxying [GET /screenshot] to [GET http://127.0.0.1:54339/wd/hub/session/837ee005-48eb-427c-8eb5-fd67653ef80f/screenshot] with no body
[debug] [35m[WD Proxy][39m Got response with status 200: {"sessionId":"837ee005-48eb-427c-8eb5-fd67653ef80f","value":"iVBORw0KGgoAAAANSUhEUgAABDgAAAkkCAYAAAD508+vAAAAAXNSR0IArs4c6QAAAARzQklUCAgI\nCHwIZIgAACAASURBVHic7N15WJTV/z7we5hh35FFWQTEQERBExTc19A0lDTKNPOTlktKuJQZbthi\nqaWl5kJZapkLouKSSy6oKGqJYgqaoqIioCKLiGwzvz/4Mj/GGWAGZgYH79d1ccWceZ7nnEEgnnvO\neR8BAAmIiIiIiIiIiHSYXkMPgIiIiIiIiIiovhhwEBEREREREZHOY8BBRERERERERDqPAQcRERER\nERER6TwGHERERERERESk8xhwEBEREREREZHOY8BBRERERERERDqPAQcRERERERER6TwGHERERERE\nRESk8xhwEBEREREREZHOY8BBRERERERERDqPAQcRERERERER6TxRQw+A6HkmEAjg6uqKcePGoUeP\nHnBxcZF5TiKRAADKy8tx9epV7NixA5s2bcKjR4+kzxEREREREZHmCQDwLoyoCoFAAAMDAyxYsABD\nhgyBgYEBBAKB0ueLxWI8fvwYixcvxtq1axl0EBERERERaQEDDqIqhEIh1q1bhx49ekAgEKgUbDxL\nIpFAIpHAzc0N5eXlahwlaYpAIICRkRFMTExUPlcikaCsrAyPHz+GWCzWwOiIiIiI6s7S0hKtW7eG\nt7c3LCwsAAD5+flISUnB5cuXkZeX18AjVC9LS0u0atUK9vb2aNKkCSwtLZGXl4eHDx8iOzsbqamp\nje41A4CPjw8uXbqklb7CwsLg7Oxc4zHfffedVsZSiUtUiP5Pp06dsHXrVgiFQrVcrzIgefPNN7Fx\n40a1XJM0RyAQwMLCAn369EGHDh1UPl8sFiM7OxsHDx5EWloaSkpKNDBKIiIiIuUZGRmhc+fOGD58\nODp16gQLCwuZN/Eq35DLz8/H...
[debug] [35m[W3C (b70e9bcb)][39m Responding to client with driver.getScreenshot() result: "iVBORw0KGgoAAAANSUhEUgAABDgAAAkkCAYAAAD508+vAAAAAXNSR0IArs4c6QAAAARzQklUCAgI\nCHwIZIgAACAASURBVHic7N15WJTV/z7we5hh35FFWQTEQERBExTc19A0lDTKNPOTlktKuJQZbthi\nqaWl5kJZapkLouKSSy6oKGqJYgqaoqIioCKLiGwzvz/4Mj/GGWAGZgYH79d1ccWceZ7nnEEgnnvO\neR8BAAmIiIiIiIiIiHSYXkMPgIiIiIiIiIiovhhwEBEREREREZHOY8BBRERERERERDqPAQcRERER\nERER6TwGHERERERERESk8xhwEBEREREREZHOY8BBRERERERERDqPAQcRERERERER6TwGHERERERE\nRESk8xhwEBEREREREZHOY8BBRERERERERDqPAQcRERERERER6TxRQw+A6HkmEAjg6uqKcePGoUeP\nHnBxcZF5TiKRAADKy8tx9epV7NixA5s2bcKjR4+kzxEREREREZHmCQDwLoyoCoFAAAMDAyxYsABD\nhgyBgYEBBAKB0ueLxWI8fvwYixcvxtq1axl0EBERERERaQEDDqIqhEIh1q1bhx49ekAgEKgUbDxL\nIpFAIpHAzc0N5eXlahwlaYpAIICRkRFMTExUPlcikaCsrAyPHz+GWCzWwOiIiIiI6s7S0hKtW7eG\nt7c3LCwsAAD5+flISUnB5cuXkZeX18AjVC9LS0u0atUK9vb2aNKkCSwtLZGXl4eHDx8iOzsbqamp\nje41A4CPjw8uXbqklb7CwsLg7Oxc4zHfffedVsZSiUtUiP5Pp06dsHXrVgiFQrVcrzIgefPNN7Fx\n40a1XJM0RyAQwMLCAn369EGHDh1UPl8sFiM7OxsHDx5EWloaSkpKNDBKIiIiIuUZGRmhc+fOGD58\nODp16gQLCwuZN/Eq35DLz8/H6dOn8euvvyIhIaGBR103vr6+6NatGzp37ozWrVvD3t6+1nOys7Nx\n+fJlJC...
[35m[HTTP][39m [37m<-- GET /wd/hub/session/b70e9bcb-9d98-4fb8-852d-eccd90fb3f2c/screenshot [39m[32m200[39m [90m146 ms - 144416[39m
[35m[HTTP][39m [90m[39m
[35m[HTTP][39m [37m-->[39m [37mDELETE[39m [37m/wd/hub/session/b70e9bcb-9d98-4fb8-852d-eccd90fb3f2c[39m
[35m[HTTP][39m [90m{}[39m
[debug] [35m[W3C (b70e9bcb)][39m Calling AppiumDriver.deleteSession() with args: ["b70e9bcb-9d98-4fb8-852d-eccd90fb3f2c"]
[debug] [35m[BaseDriver][39m Event 'quitSessionRequested' logged at 1674061522819 (18:05:22 GMT+0100 (Central European Standard Time))
[35m[Appium][39m Removing session b70e9bcb-9d98-4fb8-852d-eccd90fb3f2c from our master session list
[debug] [35m[UiAutomator2][39m Deleting UiAutomator2 session
[debug] [35m[UiAutomator2][39m Deleting UiAutomator2 server session
[debug] [35m[WD Proxy][39m Matched '/' to command name 'deleteSession'
[debug] [35m[WD Proxy][39m Proxying [DELETE /] to [DELETE http://127.0.0.1:54339/wd/hub/session/837ee005-48eb-427c-8eb5-fd67653ef80f] with no body
[debug] [35m[WD Proxy][39m Got response with status 200: {"sessionId":"837ee005-48eb-427c-8eb5-fd67653ef80f","value":null}
[debug] [35m[ADB][39m Running '/Users/dominiquemereaux/.katalon/tools/android_sdk/platform-tools/adb -P 5037 -s emulator-5554 shell am force-stop com.hmh.api'
[debug] [35m[Logcat][39m Stopping logcat capture
[debug] [35m[ADB][39m Removing forwarded port socket connection: 54339 
[debug] [35m[ADB][39m Running '/Users/dominiquemereaux/.katalon/tools/android_sdk/platform-tools/adb -P 5037 -s emulator-5554 forward --remove tcp:54339'
[35m[UiAutomator2][39m Restoring hidden api policy to the device default configuration
[debug] [35m[ADB][39m Running '/Users/dominiquemereaux/.katalon/tools/android_sdk/platform-tools/adb -P 5037 -s emulator-5554 shell 'settings delete global hidden_api_policy_pre_p_apps;settings delete global hidden_api_policy_p_apps;settings delete global hidden_api_policy''
[debug] [35m[BaseDriver][39m Event 'quitSessionFinished' logged at 1674061522970 (18:05:22 GMT+0100 (Central European Standard Time))
[debug] [35m[W3C (b70e9bcb)][39m Received response: null
[debug] [35m[W3C (b70e9bcb)][39m But deleting session, so not returning
[debug] [35m[W3C (b70e9bcb)][39m Responding to client with driver.deleteSession() result: null
[35m[HTTP][39m [37m<-- DELETE /wd/hub/session/b70e9bcb-9d98-4fb8-852d-eccd90fb3f2c [39m[32m200[39m [90m152 ms - 14[39m
[35m[HTTP][39m [90m[39m
